>>>>>>>>>>>>>>>>>>>>>>>>>>>>>>>>>>>>>>>>>>>>>>>>>>


            DouK-Downloader V5.8 Beta             


>>>>>>>>>>>>>>>>>>>>>>>>>>>>>>>>>>>>>>>>>>>>>>>>>>

项目地址: https://github.com/JoeanAmier/TikTokDownloader
项目文档: https://github.com/JoeanAmier/TikTokDownloader/wiki/Documentation
开源许可: GNU General Public License v3.0

创建默认配置文件 settings.json 成功！
请参考项目文档的快速入门部分，设置 Cookie 后重新运行程序！
建议根据实际使用需求修改配置文件 settings.json！

请选择语言(Please Select Language):
 1. 简体中文
 2. English
配置文件 cookie 参数未设置，抖音平台功能可能无法正常使用
配置文件 cookie_tiktok 参数未设置，TikTok 平台功能可能无法正常使用
正在关闭程序
>>>>>>>>>>>>>>>>>>>>>>>>>>>>>>>>>>>>>>>>>>>>>>>>>>


            DouK-Downloader V5.8 Beta             


>>>>>>>>>>>>>>>>>>>>>>>>>>>>>>>>>>>>>>>>>>>>>>>>>>

项目地址: https://github.com/JoeanAmier/TikTokDownloader
项目文档: https://github.com/JoeanAmier/TikTokDownloader/wiki/Documentation
开源许可: GNU General Public License v3.0

请选择语言(Please Select Language):
 1. 简体中文
 2. English
配置文件 cookie 参数未设置，抖音平台功能可能无法正常使用
配置文件 cookie_tiktok 参数未设置，TikTok 平台功能可能无法正常使用
正在关闭程序
>>>>>>>>>>>>>>>>>>>>>>>>>>>>>>>>>>>>>>>>>>>>>>>>>>


            DouK-Downloader V5.8 Beta             


>>>>>>>>>>>>>>>>>>>>>>>>>>>>>>>>>>>>>>>>>>>>>>>>>>

项目地址: https://github.com/JoeanAmier/TikTokDownloader
项目文档: https://github.com/JoeanAmier/TikTokDownloader/wiki/Documentation
开源许可: GNU General Public License v3.0

请选择语言(Please Select Language):
 1. 简体中文
 2. English
配置文件 cookie 参数未设置，抖音平台功能可能无法正常使用
配置文件 cookie_tiktok 参数未设置，TikTok 平台功能可能无法正常使用
正在关闭程序
>>>>>>>>>>>>>>>>>>>>>>>>>>>>>>>>>>>>>>>>>>>>>>>>>>


            DouK-Downloader V5.8 Beta             


>>>>>>>>>>>>>>>>>>>>>>>>>>>>>>>>>>>>>>>>>>>>>>>>>>

项目地址: https://github.com/JoeanAmier/TikTokDownloader
项目文档: https://github.com/JoeanAmier/TikTokDownloader/wiki/Documentation
开源许可: GNU General Public License v3.0

请选择语言(Please Select Language):
 1. 简体中文
 2. English
配置文件 cookie 参数未设置，抖音平台功能可能无法正常使用
配置文件 cookie_tiktok 参数未设置，TikTok 平台功能可能无法正常使用
正在关闭程序
>>>>>>>>>>>>>>>>>>>>>>>>>>>>>>>>>>>>>>>>>>>>>>>>>>


            DouK-Downloader V5.8 Beta             


>>>>>>>>>>>>>>>>>>>>>>>>>>>>>>>>>>>>>>>>>>>>>>>>>>

项目地址: https://github.com/JoeanAmier/TikTokDownloader
项目文档: https://github.com/JoeanAmier/TikTokDownloader/wiki/Documentation
开源许可: GNU General Public License v3.0

请选择语言(Please Select Language):
 1. 简体中文
 2. English
配置文件 cookie 参数未设置，抖音平台功能可能无法正常使用
配置文件 cookie_tiktok 参数未设置，TikTok 平台功能可能无法正常使用
正在关闭程序
>>>>>>>>>>>>>>>>>>>>>>>>>>>>>>>>>>>>>>>>>>>>>>>>>>


            DouK-Downloader V5.8 Beta             


>>>>>>>>>>>>>>>>>>>>>>>>>>>>>>>>>>>>>>>>>>>>>>>>>>

项目地址: https://github.com/JoeanAmier/TikTokDownloader
项目文档: https://github.com/JoeanAmier/TikTokDownloader/wiki/Documentation
开源许可: GNU General Public License v3.0

请选择语言(Please Select Language):
 1. 简体中文
 2. English
配置文件 cookie 参数未设置，抖音平台功能可能无法正常使用
配置文件 cookie_tiktok 参数未设置，TikTok 平台功能可能无法正常使用
正在关闭程序
>>>>>>>>>>>>>>>>>>>>>>>>>>>>>>>>>>>>>>>>>>>>>>>>>>


            DouK-Downloader V5.8 Beta             


>>>>>>>>>>>>>>>>>>>>>>>>>>>>>>>>>>>>>>>>>>>>>>>>>>

项目地址: https://github.com/JoeanAmier/TikTokDownloader
项目文档: https://github.com/JoeanAmier/TikTokDownloader/wiki/Documentation
开源许可: GNU General Public License v3.0

访问 http://127.0.0.1:5555/docs 或者 http://127.0.0.1:5555/redoc 可以查阅 API 
模式说明文档！
配置文件 cookie 参数未设置，抖音平台功能可能无法正常使用
配置文件 cookie_tiktok 参数未设置，TikTok 平台功能可能无法正常使用
>>>>>>>>>>>>>>>>>>>>>>>>>>>>>>>>>>>>>>>>>>>>>>>>>>


            DouK-Downloader V5.8 Beta             


>>>>>>>>>>>>>>>>>>>>>>>>>>>>>>>>>>>>>>>>>>>>>>>>>>

项目地址: https://github.com/JoeanAmier/TikTokDownloader
项目文档: https://github.com/JoeanAmier/TikTokDownloader/wiki/Documentation
开源许可: GNU General Public License v3.0

访问 http://127.0.0.1:5555/docs 或者 http://127.0.0.1:5555/redoc 可以查阅 API 
模式说明文档！
配置文件 cookie 参数未设置，抖音平台功能可能无法正常使用
配置文件 cookie_tiktok 参数未设置，TikTok 平台功能可能无法正常使用
INFO:     120.230.93.209:8219 - "POST /douyin/share HTTP/1.1" 200 OK
INFO:     120.230.93.209:8275 - "POST /douyin/share HTTP/1.1" 200 OK
>>>>>>>>>>>>>>>>>>>>>>>>>>>>>>>>>>>>>>>>>>>>>>>>>>


            DouK-Downloader V5.8 Beta             


>>>>>>>>>>>>>>>>>>>>>>>>>>>>>>>>>>>>>>>>>>>>>>>>>>

项目地址: https://github.com/JoeanAmier/TikTokDownloader
项目文档: https://github.com/JoeanAmier/TikTokDownloader/wiki/Documentation
开源许可: GNU General Public License v3.0

访问 http://127.0.0.1:5555/docs 或者 http://127.0.0.1:5555/redoc 可以查阅 API 
模式说明文档！
配置文件 cookie 参数未设置，抖音平台功能可能无法正常使用
配置文件 cookie_tiktok 参数未设置，TikTok 平台功能可能无法正常使用
>>>>>>>>>>>>>>>>>>>>>>>>>>>>>>>>>>>>>>>>>>>>>>>>>>


            DouK-Downloader V5.8 Beta             


>>>>>>>>>>>>>>>>>>>>>>>>>>>>>>>>>>>>>>>>>>>>>>>>>>

项目地址: https://github.com/JoeanAmier/TikTokDownloader
项目文档: https://github.com/JoeanAmier/TikTokDownloader/wiki/Documentation
开源许可: GNU General Public License v3.0

访问 http://127.0.0.1:5555/docs 或者 http://127.0.0.1:5555/redoc 可以查阅 API 
模式说明文档！
配置文件 cookie 参数未设置，抖音平台功能可能无法正常使用
配置文件 cookie_tiktok 参数未设置，TikTok 平台功能可能无法正常使用
INFO:     83.147.60.14:52140 - "POST /douyin/share HTTP/1.1" 200 OK
INFO:     83.147.60.14:17124 - "GET /docs HTTP/1.1" 200 OK
INFO:     83.147.60.14:17124 - "GET /openapi.json HTTP/1.1" 200 OK
>>>>>>>>>>>>>>>>>>>>>>>>>>>>>>>>>>>>>>>>>>>>>>>>>>


            DouK-Downloader V5.8 Beta             


>>>>>>>>>>>>>>>>>>>>>>>>>>>>>>>>>>>>>>>>>>>>>>>>>>

项目地址: https://github.com/JoeanAmier/TikTokDownloader
项目文档: https://github.com/JoeanAmier/TikTokDownloader/wiki/Documentation
开源许可: GNU General Public License v3.0

配置文件 cookie 参数未设置，抖音平台功能可能无法正常使用
访问 http://127.0.0.1:5555/docs 或者 http://127.0.0.1:5555/redoc 可以查阅 API 
模式说明文档！
配置文件 cookie_tiktok 参数未设置，TikTok 平台功能可能无法正常使用
INFO:     83.147.60.14:47284 - "GET /settings HTTP/1.1" 403 Forbidden
INFO:     83.147.60.14:47284 - "GET /favicon.ico HTTP/1.1" 404 Not Found
INFO:     83.147.60.14:47284 - "GET /settings HTTP/1.1" 403 Forbidden
INFO:     83.147.60.14:50210 - "GET /settings HTTP/1.1" 403 Forbidden
INFO:     83.147.60.14:15336 - "GET /douyin/share HTTP/1.1" 405 Method Not Allowed
INFO:     83.147.60.14:56260 - "GET /douyin/share HTTP/1.1" 405 Method Not Allowed
INFO:     83.147.60.14:56268 - "GET /settings HTTP/1.1" 403 Forbidden
INFO:     83.147.60.14:29894 - "GET /settings HTTP/1.1" 200 OK
>>>>>>>>>>>>>>>>>>>>>>>>>>>>>>>>>>>>>>>>>>>>>>>>>>


            DouK-Downloader V5.8 Beta             


>>>>>>>>>>>>>>>>>>>>>>>>>>>>>>>>>>>>>>>>>>>>>>>>>>

项目地址: https://github.com/JoeanAmier/TikTokDownloader
项目文档: https://github.com/JoeanAmier/TikTokDownloader/wiki/Documentation
开源许可: GNU General Public License v3.0

访问 http://127.0.0.1:5555/docs 或者 http://127.0.0.1:5555/redoc 可以查阅 API 
模式说明文档！
正在更新抖音参数，请稍等...
抖音参数更新完毕！
配置文件 cookie_tiktok 参数未设置，TikTok 平台功能可能无法正常使用
INFO:     83.147.60.14:29426 - "POST /douyin/share HTTP/1.1" 200 OK
INFO:     83.147.60.14:54552 - "POST /douyin/detail HTTP/1.1" 200 OK
开始处理账号
共获取到 158 个账号发布作品
开始提取作品数据
昵称/标题：大胡子李俊怀；标识：大胡子李俊怀；ID：98153518666
筛选处理后作品数量: 158
INFO:     83.147.60.14:32834 - "POST /douyin/account HTTP/1.1" 200 OK
